\BOOKMARK [0][-]{chapter*.2}{Acknowledgments}{}% 1
\BOOKMARK [0][-]{chapter*.3}{Notations}{}% 2
\BOOKMARK [0][-]{chapter.1}{Week1}{}% 3
\BOOKMARK [1][-]{section.1.1}{Wednesday}{chapter.1}% 4
\BOOKMARK [2][-]{subsection.1.1.1}{Introduction to Set}{section.1.1}% 5
\BOOKMARK [1][-]{section.1.2}{Quiz}{chapter.1}% 6
\BOOKMARK [1][-]{section.1.3}{Friday}{chapter.1}% 7
\BOOKMARK [2][-]{subsection.1.3.1}{Proof of Schroder-Berstein Theorem}{section.1.3}% 8
\BOOKMARK [2][-]{subsection.1.3.2}{Connectedness of Real Numbers}{section.1.3}% 9
\BOOKMARK [0][-]{chapter.2}{Week2}{}% 10
\BOOKMARK [1][-]{section.2.1}{Wednesday}{chapter.2}% 11
\BOOKMARK [2][-]{subsection.2.1.1}{Review and Announcement}{section.2.1}% 12
\BOOKMARK [2][-]{subsection.2.1.2}{Irrational Number Analysis}{section.2.1}% 13
\BOOKMARK [1][-]{section.2.2}{Friday}{chapter.2}% 14
\BOOKMARK [2][-]{subsection.2.2.1}{Set Analysis}{section.2.2}% 15
\BOOKMARK [2][-]{subsection.2.2.2}{Set Analysis Meets Sequence}{section.2.2}% 16
\BOOKMARK [2][-]{subsection.2.2.3}{Completeness of Real Numbers}{section.2.2}% 17
\BOOKMARK [0][-]{chapter.3}{Week3}{}% 18
\BOOKMARK [1][-]{section.3.1}{Tuesday}{chapter.3}% 19
\BOOKMARK [2][-]{subsection.3.1.1}{Application of Heine-Borel Theorem}{section.3.1}% 20
\BOOKMARK [2][-]{subsection.3.1.2}{Set Structure Analysis}{section.3.1}% 21
\BOOKMARK [2][-]{subsection.3.1.3}{Reviewing}{section.3.1}% 22
