\BOOKMARK [0][-]{chapter*.2}{Acknowledgments}{}% 1
\BOOKMARK [0][-]{chapter*.3}{Notations}{}% 2
\BOOKMARK [0][-]{chapter.1}{Week1}{}% 3
\BOOKMARK [1][-]{section.1.1}{Monday}{chapter.1}% 4
\BOOKMARK [2][-]{subsection.1.1.1}{Introduction to Abstract Algebra}{section.1.1}% 5
\BOOKMARK [2][-]{subsection.1.1.2}{Group}{section.1.1}% 6
\BOOKMARK [0][-]{chapter.2}{Week2}{}% 7
\BOOKMARK [1][-]{section.2.1}{Tuesday}{chapter.2}% 8
\BOOKMARK [2][-]{subsection.2.1.1}{Review}{section.2.1}% 9
\BOOKMARK [2][-]{subsection.2.1.2}{Cyclic groups}{section.2.1}% 10
\BOOKMARK [0][-]{chapter.3}{Week3}{}% 11
\BOOKMARK [1][-]{section.3.1}{Tuesday}{chapter.3}% 12
\BOOKMARK [1][-]{section.3.2}{Thursday}{chapter.3}% 13
\BOOKMARK [2][-]{subsection.3.2.1}{Cyclic Groups}{section.3.2}% 14
\BOOKMARK [2][-]{subsection.3.2.2}{Symmetric Groups}{section.3.2}% 15
\BOOKMARK [2][-]{subsection.3.2.3}{Dihedral Groups}{section.3.2}% 16
\BOOKMARK [2][-]{subsection.3.2.4}{Free Groups}{section.3.2}% 17
\BOOKMARK [0][-]{chapter.4}{Week4}{}% 18
\BOOKMARK [1][-]{section.4.1}{Subgroups}{chapter.4}% 19
\BOOKMARK [2][-]{subsection.4.1.1}{Cyclic subgroups}{section.4.1}% 20
\BOOKMARK [2][-]{subsection.4.1.2}{Direct Products}{section.4.1}% 21
\BOOKMARK [2][-]{subsection.4.1.3}{Generating Sets}{section.4.1}% 22
\BOOKMARK [0][-]{chapter.5}{Week4}{}% 23
\BOOKMARK [1][-]{section.5.1}{Reviewing}{chapter.5}% 24
\BOOKMARK [2][-]{subsection.5.1.1}{Theorem of Lagrange}{section.5.1}% 25
\BOOKMARK [0][-]{chapter.6}{Week5}{}% 26
\BOOKMARK [1][-]{section.6.1}{Monday}{chapter.6}% 27
\BOOKMARK [2][-]{subsection.6.1.1}{Derived subgroups}{section.6.1}% 28
\BOOKMARK [1][-]{section.6.2}{Thursday}{chapter.6}% 29
\BOOKMARK [2][-]{subsection.6.2.1}{Homomorphisms}{section.6.2}% 30
\BOOKMARK [2][-]{subsection.6.2.2}{Classification of cyclic groups}{section.6.2}% 31
\BOOKMARK [2][-]{subsection.6.2.3}{Isomorphism Theorems}{section.6.2}% 32
