\BOOKMARK [0][-]{chapter*.2}{Acknowledgments}{}% 1
\BOOKMARK [0][-]{chapter*.3}{Notations}{}% 2
\BOOKMARK [0][-]{chapter.1}{Week1}{}% 3
\BOOKMARK [1][-]{section.1.1}{Monday for MAT3040}{chapter.1}% 4
\BOOKMARK [2][-]{subsection.1.1.1}{Introduction to Advanced Linear Algebra}{section.1.1}% 5
\BOOKMARK [2][-]{subsection.1.1.2}{Vector Spaces}{section.1.1}% 6
\BOOKMARK [1][-]{section.1.2}{Monday for MAT3006}{chapter.1}% 7
\BOOKMARK [2][-]{subsection.1.2.1}{Overview on uniform convergence}{section.1.2}% 8
\BOOKMARK [2][-]{subsection.1.2.2}{Introduction to MAT3006}{section.1.2}% 9
\BOOKMARK [2][-]{subsection.1.2.3}{Metric Spaces}{section.1.2}% 10
\BOOKMARK [1][-]{section.1.3}{Monday for MAT4002}{chapter.1}% 11
\BOOKMARK [2][-]{subsection.1.3.1}{Introduction to Topology}{section.1.3}% 12
\BOOKMARK [2][-]{subsection.1.3.2}{Metric Spaces}{section.1.3}% 13
\BOOKMARK [1][-]{section.1.4}{Wednesday for MAT3040}{chapter.1}% 14
\BOOKMARK [2][-]{subsection.1.4.1}{Review}{section.1.4}% 15
\BOOKMARK [2][-]{subsection.1.4.2}{Spanning Set}{section.1.4}% 16
\BOOKMARK [2][-]{subsection.1.4.3}{Linear Independence and Basis}{section.1.4}% 17
\BOOKMARK [1][-]{section.1.5}{Wednesday for MAT3006}{chapter.1}% 18
\BOOKMARK [2][-]{subsection.1.5.1}{Convergence of Sequences}{section.1.5}% 19
\BOOKMARK [2][-]{subsection.1.5.2}{Continuity}{section.1.5}% 20
\BOOKMARK [2][-]{subsection.1.5.3}{Open and Closed Sets}{section.1.5}% 21
\BOOKMARK [1][-]{section.1.6}{Wednesday for MAT4002}{chapter.1}% 22
\BOOKMARK [2][-]{subsection.1.6.1}{Forget about metric}{section.1.6}% 23
\BOOKMARK [2][-]{subsection.1.6.2}{Topological Spaces}{section.1.6}% 24
\BOOKMARK [2][-]{subsection.1.6.3}{Closed Subsets}{section.1.6}% 25
